{
  "RSpec": {
    "coverage": {
      "/home/ahmedsaleh/projects/se/yard_frontend/yard/spec/models/project_spec.rb": [
        1,
        null,
        1,
        1,
        1,
        1,
        1,
        null,
        1,
        null,
        null,
        null,
        1,
        1,
        1,
        1,
        1,
        null,
        1,
        null,
        null,
        null,
        1,
        1,
        1,
        null,
        1,
        1,
        null,
        1,
        1,
        1,
        null,
        1,
        null,
        null,
        null,
        null
      ],
      "/home/ahmedsaleh/projects/se/yard_frontend/yard/spec/rails_helper.rb": [
        null,
        1,
        1,
        1,
        1,
        null,
        null,
        null,
        null,
        null,
        null,
        null,
        null,
        null,
        null,
        null,
        null,
        null,
        null,
        null,
        null,
        null,
        null,
        null,
        1,
        null,
        1,
        null,
        1,
        null,
        null,
        null,
        null,
        1,
        null,
        null,
        null,
        null,
        null,
        null,
        null,
        null,
        null,
        null,
        null,
        null,
        null,
        null,
        1,
        null
      ],
      "/home/ahmedsaleh/projects/se/yard_frontend/yard/config/environment.rb": [
        null,
        1,
        null,
        null,
        1
      ],
      "/home/ahmedsaleh/projects/se/yard_frontend/yard/config/application.rb": [
        1,
        null,
        1,
        null,
        null,
        null,
        1,
        null,
        1,
        1,
        null,
        null,
        null,
        null,
        null,
        null,
        null,
        null,
        null,
        null,
        null,
        null,
        null,
        1,
        null,
        null
      ],
      "/home/ahmedsaleh/projects/se/yard_frontend/yard/config/boot.rb": [
        1,
        null,
        1
      ],
      "/home/ahmedsaleh/projects/se/yard_frontend/yard/config/environments/test.rb": [
        1,
        null,
        null,
        null,
        null,
        null,
        null,
        1,
        null,
        null,
        null,
        null,
        1,
        null,
        null,
        1,
        1,
        null,
        null,
        1,
        1,
        null,
        null,
        1,
        null,
        null,
        1,
        null,
        null,
        null,
        null,
        1,
        null,
        null,
        1,
        null,
        null,
        1,
        null,
        null,
        null,
        null
      ],
      "/home/ahmedsaleh/projects/se/yard_frontend/yard/config/initializers/assets.rb": [
        null,
        null,
        null,
        1,
        null,
        null,
        null,
        null,
        null,
        null,
        null
      ],
      "/home/ahmedsaleh/projects/se/yard_frontend/yard/config/initializers/backtrace_silencers.rb": [
        null,
        null,
        null,
        null,
        null,
        null,
        null
      ],
      "/home/ahmedsaleh/projects/se/yard_frontend/yard/config/initializers/cookies_serializer.rb": [
        null,
        null,
        1
      ],
      "/home/ahmedsaleh/projects/se/yard_frontend/yard/config/initializers/filter_parameter_logging.rb": [
        null,
        null,
        null,
        1
      ],
      "/home/ahmedsaleh/projects/se/yard_frontend/yard/config/initializers/inflections.rb": [
        null,
        null,
        null,
        null,
        null,
        null,
        null,
        null,
        null,
        null,
        null,
        null,
        null,
        null,
        null,
        null
      ],
      "/home/ahmedsaleh/projects/se/yard_frontend/yard/config/initializers/mime_types.rb": [
        null,
        null,
        null,
        null
      ],
      "/home/ahmedsaleh/projects/se/yard_frontend/yard/config/initializers/session_store.rb": [
        null,
        null,
        1
      ],
      "/home/ahmedsaleh/projects/se/yard_frontend/yard/config/initializers/simple_form.rb": [
        null,
        1,
        null,
        null,
        null,
        null,
        null,
        1,
        null,
        null,
        null,
        null,
        null,
        null,
        null,
        null,
        null,
        1,
        null,
        null,
        null,
        1,
        null,
        null,
        null,
        null,
        null,
        null,
        null,
        null,
        1,
        null,
        null,
        1,
        null,
        null,
        1,
        null,
        null,
        1,
        null,
        null,
        1,
        1,
        1,
        null,
        null,
        null,
        null,
        null,
        null,
        null,
        null,
        null,
        1,
        null,
        null,
        null,
        null,
        null,
        1,
        null,
        null,
        1,
        null,
        null,
        null,
        null,
        null,
        null,
        null,
        1,
        null,
        null,
        1,
        null,
        null,
        null,
        null,
        null,
        null,
        null,
        null,
        null,
        null,
        null,
        null,
        null,
        null,
        null,
        null,
        null,
        null,
        null,
        null,
        null,
        null,
        null,
        null,
        null,
        null,
        null,
        null,
        null,
        null,
        null,
        null,
        null,
        null,
        null,
        null,
        null,
        null,
        null,
        null,
        null,
        null,
        null,
        null,
        null,
        1,
        null,
        null,
        null,
        null,
        null,
        null,
        null,
        null,
        null,
        null,
        null,
        null,
        null,
        null,
        null,
        null,
        null,
        null,
        null,
        null,
        null,
        null,
        null,
        null,
        null,
        null,
        null,
        null,
        null,
        null,
        null,
        null,
        null,
        null,
        null,
        null,
        1,
        null,
        null,
        null,
        null,
        null,
        null,
        null,
        null
      ],
      "/home/ahmedsaleh/projects/se/yard_frontend/yard/config/initializers/wrap_parameters.rb": [
        null,
        null,
        null,
        null,
        null,
        null,
        1,
        1,
        null,
        null,
        null,
        null,
        null,
        null
      ],
      "/home/ahmedsaleh/projects/se/yard_frontend/yard/config/routes.rb": [
        1,
        null,
        1,
        null,
        1,
        1,
        1,
        1,
        1,
        1,
        1,
        null,
        null,
        null,
        1,
        1,
        1,
        null,
        null,
        null,
        1,
        1,
        1,
        1,
        1,
        1,
        null,
        1,
        1,
        1,
        null,
        null,
        1,
        null,
        null,
        null,
        null,
        null,
        null,
        null,
        null,
        null,
        null,
        null,
        null,
        null,
        null,
        null,
        null,
        null,
        null,
        null,
        null,
        null,
        null,
        null,
        null,
        null,
        null,
        null,
        null,
        null,
        null,
        null,
        null,
        null,
        null,
        null,
        null,
        null,
        null,
        null,
        null,
        null,
        null,
        null,
        null,
        null,
        null,
        null,
        null,
        null,
        null,
        null,
        null,
        null,
        null,
        null,
        null,
        null,
        null,
        null
      ],
      "/home/ahmedsaleh/projects/se/yard_frontend/yard/app/helpers/application_helper.rb": [
        1,
        null
      ],
      "/home/ahmedsaleh/projects/se/yard_frontend/yard/app/helpers/notifications_helper.rb": [
        1,
        null
      ],
      "/home/ahmedsaleh/projects/se/yard_frontend/yard/app/helpers/projects_helper.rb": [
        1,
        null
      ],
      "/home/ahmedsaleh/projects/se/yard_frontend/yard/app/helpers/sessions_helper.rb": [
        1,
        null
      ],
      "/home/ahmedsaleh/projects/se/yard_frontend/yard/app/helpers/sprints_helper.rb": [
        1,
        null
      ],
      "/home/ahmedsaleh/projects/se/yard_frontend/yard/app/helpers/tasks_helper.rb": [
        1,
        null
      ],
      "/home/ahmedsaleh/projects/se/yard_frontend/yard/app/helpers/teams_helper.rb": [
        1,
        null
      ],
      "/home/ahmedsaleh/projects/se/yard_frontend/yard/app/helpers/users_helper.rb": [
        1,
        null
      ],
      "/home/ahmedsaleh/projects/se/yard_frontend/yard/app/models/project.rb": [
        1,
        1,
        1,
        1,
        null,
        1,
        null,
        null,
        null,
        null,
        null,
        null,
        null,
        null,
        null,
        1,
        1,
        null,
        null,
        null,
        null,
        1,
        1,
        null,
        null,
        null,
        null,
        1,
        1,
        null,
        1,
        1,
        2,
        null,
        null,
        1,
        null,
        null
      ],
      "/home/ahmedsaleh/projects/se/yard_frontend/yard/app/models/task.rb": [
        1,
        1,
        1,
        1,
        1,
        null,
        null,
        null
      ],
      "/home/ahmedsaleh/projects/se/yard_frontend/yard/app/models/user.rb": [
        1,
        null,
        null,
        null,
        null,
        1,
        1,
        1,
        null,
        null,
        1,
        1,
        null,
        1,
        1,
        1,
        null,
        1,
        0,
        0,
        0,
        null,
        null,
        null,
        null,
        null,
        null,
        null,
        null,
        1,
        0,
        0,
        null,
        0,
        null,
        null,
        null,
        null,
        1,
        3,
        3,
        3,
        null,
        null,
        null,
        1,
        null,
        0,
        null,
        null,
        null,
        null,
        1,
        0,
        null,
        null,
        null
      ],
      "/home/ahmedsaleh/projects/se/yard_frontend/yard/app/models/team.rb": [
        1,
        1,
        1,
        1,
        1,
        null,
        null,
        null,
        1,
        0,
        null,
        null,
        null,
        null,
        null,
        null,
        null
      ],
      "/home/ahmedsaleh/projects/se/yard_frontend/yard/app/models/user_team_relationship.rb": [
        1,
        1,
        1,
        null,
        1,
        0,
        0,
        0,
        0,
        null,
        0,
        null,
        null,
        null,
        null,
        null
      ]
    },
    "timestamp": 1430533428
  }
}
