{
  "RSpec": {
    "coverage": {
      "/Users/HAAKS/Desktop/yard/spec/controllers/announcements_controller_spec.rb": [
        1,
        null,
        null,
        null,
        null,
        null,
        null,
        null,
        null,
        null,
        null,
        null,
        null,
        null,
        null,
        null,
        null,
        null,
        null,
        null,
        1,
        null,
        null,
        null,
        null,
        1,
        13,
        null,
        null,
        1,
        2,
        null,
        null,
        null,
        null,
        null,
        2,
        null,
        1,
        1,
        1,
        0,
        0,
        null,
        null,
        null,
        1,
        1,
        1,
        0,
        0,
        null,
        null,
        null,
        1,
        1,
        1,
        0,
        null,
        null,
        null,
        1,
        1,
        1,
        0,
        0,
        null,
        null,
        null,
        1,
        1,
        1,
        1,
        1,
        null,
        null,
        null,
        1,
        1,
        0,
        0,
        null,
        null,
        1,
        1,
        0,
        null,
        null,
        null,
        1,
        1,
        1,
        0,
        null,
        null,
        1,
        1,
        0,
        null,
        null,
        null,
        null,
        1,
        1,
        1,
        0,
        null,
        null,
        1,
        1,
        0,
        0,
        0,
        null,
        null,
        1,
        1,
        0,
        0,
        null,
        null,
        1,
        1,
        0,
        0,
        null,
        null,
        null,
        1,
        1,
        1,
        0,
        0,
        null,
        null,
        1,
        1,
        0,
        0,
        null,
        null,
        null,
        null,
        1,
        1,
        1,
        0,
        0,
        null,
        null,
        null,
        1,
        1,
        0,
        0,
        null,
        null,
        null,
        null
      ],
      "/Users/HAAKS/Desktop/yard/spec/rails_helper.rb": [
        null,
        1,
        1,
        1,
        1,
        null,
        null,
        null,
        null,
        null,
        null,
        null,
        null,
        null,
        null,
        null,
        null,
        null,
        null,
        null,
        null,
        null,
        null,
        null,
        1,
        null,
        1,
        null,
        1,
        null,
        null,
        null,
        null,
        1,
        null,
        null,
        null,
        null,
        null,
        null,
        null,
        null,
        null,
        null,
        null,
        null,
        null,
        null,
        1,
        null
      ],
      "/Users/HAAKS/Desktop/yard/config/environment.rb": [
        null,
        1,
        null,
        null,
        1
      ],
      "/Users/HAAKS/Desktop/yard/config/application.rb": [
        1,
        null,
        1,
        null,
        null,
        null,
        1,
        null,
        1,
        1,
        null,
        null,
        null,
        null,
        null,
        null,
        null,
        null,
        null,
        null,
        null,
        null,
        null,
        1,
        null,
        null
      ],
      "/Users/HAAKS/Desktop/yard/config/boot.rb": [
        1,
        null,
        1
      ],
      "/Users/HAAKS/Desktop/yard/config/environments/test.rb": [
        1,
        null,
        null,
        null,
        null,
        null,
        null,
        1,
        null,
        null,
        null,
        null,
        1,
        null,
        null,
        1,
        1,
        null,
        null,
        1,
        1,
        null,
        null,
        1,
        null,
        null,
        1,
        null,
        null,
        null,
        null,
        1,
        null,
        null,
        1,
        null,
        null,
        1,
        null,
        null,
        null,
        null
      ],
      "/Users/HAAKS/Desktop/yard/config/initializers/assets.rb": [
        null,
        null,
        null,
        1,
        null,
        null,
        null,
        null,
        null,
        null,
        null
      ],
      "/Users/HAAKS/Desktop/yard/config/initializers/backtrace_silencers.rb": [
        null,
        null,
        null,
        null,
        null,
        null,
        null
      ],
      "/Users/HAAKS/Desktop/yard/config/initializers/cookies_serializer.rb": [
        null,
        null,
        1
      ],
      "/Users/HAAKS/Desktop/yard/config/initializers/filter_parameter_logging.rb": [
        null,
        null,
        null,
        1
      ],
      "/Users/HAAKS/Desktop/yard/config/initializers/inflections.rb": [
        null,
        null,
        null,
        null,
        null,
        null,
        null,
        null,
        null,
        null,
        null,
        null,
        null,
        null,
        null,
        null
      ],
      "/Users/HAAKS/Desktop/yard/config/initializers/mime_types.rb": [
        null,
        null,
        null,
        null
      ],
      "/Users/HAAKS/Desktop/yard/config/initializers/session_store.rb": [
        null,
        null,
        1
      ],
      "/Users/HAAKS/Desktop/yard/config/initializers/simple_form.rb": [
        null,
        1,
        null,
        null,
        null,
        null,
        null,
        1,
        null,
        null,
        null,
        null,
        null,
        null,
        null,
        null,
        null,
        1,
        null,
        null,
        null,
        1,
        null,
        null,
        null,
        null,
        null,
        null,
        null,
        null,
        1,
        null,
        null,
        1,
        null,
        null,
        1,
        null,
        null,
        1,
        null,
        null,
        1,
        1,
        1,
        null,
        null,
        null,
        null,
        null,
        null,
        null,
        null,
        null,
        1,
        null,
        null,
        null,
        null,
        null,
        1,
        null,
        null,
        1,
        null,
        null,
        null,
        null,
        null,
        null,
        null,
        1,
        null,
        null,
        1,
        null,
        null,
        null,
        null,
        null,
        null,
        null,
        null,
        null,
        null,
        null,
        null,
        null,
        null,
        null,
        null,
        null,
        null,
        null,
        null,
        null,
        null,
        null,
        null,
        null,
        null,
        null,
        null,
        null,
        null,
        null,
        null,
        null,
        null,
        null,
        null,
        null,
        null,
        null,
        null,
        null,
        null,
        null,
        null,
        null,
        1,
        null,
        null,
        null,
        null,
        null,
        null,
        null,
        null,
        null,
        null,
        null,
        null,
        null,
        null,
        null,
        null,
        null,
        null,
        null,
        null,
        null,
        null,
        null,
        null,
        null,
        null,
        null,
        null,
        null,
        null,
        null,
        null,
        null,
        null,
        null,
        null,
        1,
        null,
        null,
        null,
        null,
        null,
        null,
        null,
        null
      ],
      "/Users/HAAKS/Desktop/yard/config/initializers/wrap_parameters.rb": [
        null,
        null,
        null,
        null,
        null,
        null,
        1,
        1,
        null,
        null,
        null,
        null,
        null,
        null
      ],
      "/Users/HAAKS/Desktop/yard/config/routes.rb": [
        1,
        null,
        1,
        null,
        1,
        null,
        null,
        null,
        null,
        1,
        null,
        null,
        1,
        1,
        1,
        null,
        1,
        1,
        1,
        1,
        1,
        null,
        1,
        1,
        1,
        1,
        null,
        1,
        1,
        1,
        1,
        null,
        null,
        null,
        null,
        null,
        null,
        1,
        null,
        null,
        null,
        null,
        null,
        null,
        null,
        null,
        null,
        null,
        null,
        null,
        null,
        null,
        null,
        null,
        null,
        null,
        null,
        null,
        null,
        null,
        null,
        null,
        null,
        null,
        null,
        null,
        null,
        null,
        null,
        null,
        null,
        null,
        null,
        null,
        null,
        null,
        null,
        null,
        null,
        null,
        null,
        null,
        null,
        null,
        null,
        null,
        null,
        null,
        null,
        null,
        null,
        null,
        null,
        null,
        null,
        null,
        null,
        null
      ],
      "/Users/HAAKS/Desktop/yard/app/helpers/announcements_helper.rb": [
        1,
        null
      ],
      "/Users/HAAKS/Desktop/yard/app/helpers/application_helper.rb": [
        1,
        null
      ],
      "/Users/HAAKS/Desktop/yard/app/helpers/notifications_helper.rb": [
        1,
        null
      ],
      "/Users/HAAKS/Desktop/yard/app/helpers/projects_helper.rb": [
        1,
        null
      ],
      "/Users/HAAKS/Desktop/yard/app/helpers/sessions_helper.rb": [
        1,
        null
      ],
      "/Users/HAAKS/Desktop/yard/app/helpers/sprints_helper.rb": [
        1,
        null
      ],
      "/Users/HAAKS/Desktop/yard/app/helpers/tasks_helper.rb": [
        1,
        null
      ],
      "/Users/HAAKS/Desktop/yard/app/helpers/teams_helper.rb": [
        1,
        null
      ],
      "/Users/HAAKS/Desktop/yard/app/helpers/users_helper.rb": [
        1,
        null
      ],
      "/Users/HAAKS/Desktop/yard/app/controllers/announcements_controller.rb": [
        1,
        1,
        null,
        null,
        null,
        1,
        1,
        0,
        null,
        null,
        null,
        null,
        1,
        null,
        null,
        null,
        1,
        1,
        null,
        null,
        null,
        1,
        null,
        null,
        null,
        null,
        1,
        0,
        0,
        null,
        0,
        0,
        0,
        0,
        null,
        0,
        0,
        null,
        null,
        null,
        null,
        null,
        null,
        1,
        0,
        0,
        0,
        0,
        null,
        0,
        0,
        null,
        null,
        null,
        null,
        null,
        null,
        1,
        0,
        0,
        0,
        0,
        null,
        null,
        null,
        1,
        null,
        1,
        0,
        null,
        null,
        null,
        1,
        0,
        null,
        null
      ],
      "/Users/HAAKS/Desktop/yard/app/controllers/application_controller.rb": [
        1,
        1,
        null,
        null,
        1,
        null,
        1,
        null,
        1,
        4,
        null,
        null
      ],
      "/Users/HAAKS/Desktop/yard/spec/controllers/notifications_controller_spec.rb": [
        1,
        null,
        1,
        null,
        1,
        1,
        1,
        1,
        null,
        null,
        1,
        1,
        1,
        null,
        null,
        null,
        1,
        1,
        1,
        1,
        1,
        null,
        1,
        null,
        1,
        null,
        null,
        null,
        null
      ],
      "/Users/HAAKS/Desktop/yard/app/controllers/notifications_controller.rb": [
        1,
        1,
        null,
        null,
        null,
        2,
        null,
        null
      ],
      "/Users/HAAKS/Desktop/yard/spec/controllers/sessions_controller_spec.rb": [
        1,
        null,
        1,
        null,
        1,
        1,
        1,
        1,
        null,
        null,
        null,
        null
      ],
      "/Users/HAAKS/Desktop/yard/app/controllers/sessions_controller.rb": [
        1,
        null,
        1,
        null,
        null,
        1,
        0,
        0,
        0,
        0,
        null,
        0,
        0,
        null,
        null,
        null,
        1,
        0,
        0,
        null,
        null
      ],
      "/Users/HAAKS/Desktop/yard/spec/controllers/sprints_controller_spec.rb": [
        1,
        null,
        null,
        null,
        null,
        null,
        null,
        null,
        null,
        null,
        null,
        null,
        null,
        null,
        null,
        null,
        null,
        null,
        null,
        null,
        1,
        null,
        null,
        null,
        null,
        1,
        13,
        null,
        null,
        1,
        2,
        null,
        null,
        null,
        null,
        null,
        2,
        null,
        1,
        1,
        1,
        0,
        0,
        null,
        null,
        null,
        1,
        1,
        1,
        0,
        0,
        null,
        null,
        null,
        1,
        1,
        1,
        0,
        null,
        null,
        null,
        1,
        1,
        1,
        0,
        0,
        null,
        null,
        null,
        1,
        1,
        1,
        1,
        1,
        null,
        null,
        null,
        1,
        1,
        0,
        0,
        null,
        null,
        1,
        1,
        0,
        null,
        null,
        null,
        1,
        1,
        1,
        0,
        null,
        null,
        1,
        1,
        0,
        null,
        null,
        null,
        null,
        1,
        1,
        1,
        0,
        null,
        null,
        1,
        1,
        0,
        0,
        0,
        null,
        null,
        1,
        1,
        0,
        0,
        null,
        null,
        1,
        1,
        0,
        0,
        null,
        null,
        null,
        1,
        1,
        1,
        0,
        0,
        null,
        null,
        1,
        1,
        0,
        0,
        null,
        null,
        null,
        null,
        1,
        1,
        1,
        0,
        0,
        null,
        null,
        null,
        1,
        1,
        0,
        0,
        null,
        null,
        null,
        null
      ],
      "/Users/HAAKS/Desktop/yard/app/controllers/sprints_controller.rb": [
        1,
        1,
        null,
        null,
        null,
        null,
        1,
        1,
        0,
        null,
        null,
        null,
        null,
        1,
        null,
        null,
        null,
        1,
        1,
        null,
        null,
        null,
        1,
        null,
        null,
        null,
        null,
        null,
        1,
        0,
        0,
        null,
        0,
        0,
        0,
        0,
        null,
        0,
        0,
        null,
        null,
        null,
        null,
        null,
        null,
        null,
        1,
        0,
        0,
        0,
        0,
        null,
        0,
        0,
        null,
        null,
        null,
        null,
        null,
        null,
        null,
        1,
        0,
        0,
        0,
        0,
        null,
        null,
        null,
        1,
        null,
        1,
        0,
        null,
        null,
        null,
        null,
        1,
        0,
        null,
        null,
        1,
        0,
        null,
        null
      ],
      "/Users/HAAKS/Desktop/yard/spec/controllers/teams_controller_spec.rb": [
        1,
        null,
        null,
        null,
        null,
        null,
        null,
        null,
        null,
        null,
        null,
        null,
        null,
        null,
        null,
        null,
        null,
        null,
        null,
        null,
        1,
        null,
        null,
        null,
        null,
        1,
        13,
        null,
        null,
        1,
        2,
        null,
        null,
        null,
        null,
        null,
        2,
        null,
        1,
        1,
        1,
        0,
        0,
        null,
        null,
        null,
        1,
        1,
        1,
        0,
        0,
        null,
        null,
        null,
        1,
        1,
        1,
        1,
        null,
        null,
        null,
        1,
        1,
        1,
        0,
        0,
        null,
        null,
        null,
        1,
        1,
        1,
        1,
        1,
        null,
        null,
        null,
        1,
        1,
        0,
        0,
        null,
        null,
        1,
        1,
        0,
        null,
        null,
        null,
        1,
        1,
        1,
        0,
        null,
        null,
        1,
        1,
        0,
        null,
        null,
        null,
        null,
        1,
        1,
        1,
        0,
        null,
        null,
        1,
        1,
        0,
        0,
        0,
        null,
        null,
        1,
        1,
        0,
        0,
        null,
        null,
        1,
        1,
        0,
        0,
        null,
        null,
        null,
        1,
        1,
        1,
        0,
        0,
        null,
        null,
        1,
        1,
        0,
        0,
        null,
        null,
        null,
        null,
        1,
        1,
        1,
        0,
        0,
        null,
        null,
        null,
        1,
        1,
        0,
        0,
        null,
        null,
        null,
        null
      ],
      "/Users/HAAKS/Desktop/yard/app/controllers/teams_controller.rb": [
        1,
        1,
        null,
        null,
        null,
        null,
        1,
        1,
        1,
        null,
        null,
        null,
        null,
        null,
        1,
        0,
        null,
        null,
        null,
        1,
        1,
        null,
        null,
        null,
        1,
        null,
        null,
        null,
        null,
        null,
        1,
        0,
        0,
        null,
        null,
        0,
        0,
        0,
        0,
        null,
        0,
        0,
        null,
        null,
        null,
        null,
        null,
        null,
        null,
        1,
        0,
        0,
        0,
        0,
        null,
        0,
        0,
        null,
        null,
        null,
        null,
        null,
        null,
        null,
        1,
        0,
        0,
        0,
        0,
        null,
        null,
        null,
        1,
        null,
        1,
        0,
        0,
        null,
        null,
        null,
        1,
        0,
        null,
        null
      ],
      "/Users/HAAKS/Desktop/yard/spec/helpers/announcements_helper_spec.rb": [
        1,
        null,
        null,
        null,
        null,
        null,
        null,
        null,
        null,
        null,
        null,
        null,
        1,
        1,
        null
      ],
      "/Users/HAAKS/Desktop/yard/spec/helpers/notifications_helper_spec.rb": [
        1,
        null,
        null,
        null,
        null,
        null,
        null,
        null,
        null,
        null,
        null,
        null,
        1,
        1,
        null
      ],
      "/Users/HAAKS/Desktop/yard/spec/helpers/sessions_helper_spec.rb": [
        1,
        null,
        null,
        null,
        null,
        null,
        null,
        null,
        null,
        null,
        null,
        null,
        1,
        1,
        null
      ],
      "/Users/HAAKS/Desktop/yard/spec/helpers/sprints_helper_spec.rb": [
        1,
        null,
        null,
        null,
        null,
        null,
        null,
        null,
        null,
        null,
        null,
        null,
        1,
        1,
        null
      ],
      "/Users/HAAKS/Desktop/yard/spec/helpers/teams_helper_spec.rb": [
        1,
        null,
        null,
        null,
        null,
        null,
        null,
        null,
        null,
        null,
        null,
        null,
        1,
        1,
        null
      ],
      "/Users/HAAKS/Desktop/yard/spec/models/announcement_spec.rb": [
        1,
        null,
        1,
        1,
        null
      ],
      "/Users/HAAKS/Desktop/yard/app/models/announcement.rb": [
        1,
        1,
        null
      ],
      "/Users/HAAKS/Desktop/yard/spec/models/sprint_spec.rb": [
        1,
        null,
        1,
        1,
        null
      ],
      "/Users/HAAKS/Desktop/yard/app/models/sprint.rb": [
        1,
        1,
        1,
        null
      ],
      "/Users/HAAKS/Desktop/yard/spec/models/team_spec.rb": [
        1,
        null,
        1,
        1,
        null
      ],
      "/Users/HAAKS/Desktop/yard/app/models/team.rb": [
        1,
        1,
        1,
        1,
        1,
        null,
        null,
        null,
        null,
        1,
        0,
        null,
        null,
        null,
        null,
        null,
        null,
        null
      ],
      "/Users/HAAKS/Desktop/yard/spec/models/user_spec.rb": [
        1,
        null,
        1,
        1,
        null
      ],
      "/Users/HAAKS/Desktop/yard/app/models/user.rb": [
        1,
        1,
        3,
        null,
        1,
        1,
        1,
        null,
        null,
        1,
        1,
        null,
        1,
        1,
        1,
        null,
        1,
        0,
        0,
        0,
        null,
        null,
        null,
        null,
        null,
        null,
        null,
        1,
        0,
        0,
        null,
        0,
        null,
        null,
        null,
        null,
        null,
        null,
        null,
        1,
        0,
        0,
        null,
        0,
        null,
        null,
        null,
        null,
        1,
        2,
        2,
        2,
        null,
        null,
        null,
        1,
        null,
        0,
        null,
        null,
        null,
        null,
        1,
        0,
        null,
        null,
        null
      ],
      "/Users/HAAKS/Desktop/yard/spec/models/user_team_relationship_spec.rb": [
        1,
        null,
        1,
        1,
        null
      ],
      "/Users/HAAKS/Desktop/yard/app/models/user_team_relationship.rb": [
        1,
        1,
        1,
        null,
        null,
        1,
        0,
        0,
        0,
        0,
        null,
        0,
        null,
        null,
        null,
        null,
        null,
        null
      ],
      "/Users/HAAKS/Desktop/yard/spec/requests/announcements_spec.rb": [
        1,
        null,
        1,
        1,
        1,
        1,
        0,
        null,
        null,
        null
      ],
      "/Users/HAAKS/Desktop/yard/spec/requests/sprints_spec.rb": [
        1,
        null,
        1,
        1,
        1,
        1,
        0,
        null,
        null,
        null
      ],
      "/Users/HAAKS/Desktop/yard/spec/requests/teams_spec.rb": [
        1,
        null,
        1,
        1,
        1,
        1,
        0,
        null,
        null,
        null
      ],
      "/Users/HAAKS/Desktop/yard/spec/routing/announcements_routing_spec.rb": [
        1,
        null,
        1,
        1,
        null,
        1,
        1,
        null,
        null,
        1,
        1,
        null,
        null,
        1,
        1,
        null,
        null,
        1,
        1,
        null,
        null,
        1,
        1,
        null,
        null,
        1,
        1,
        null,
        null,
        1,
        1,
        null,
        null,
        null,
        null
      ],
      "/Users/HAAKS/Desktop/yard/spec/routing/sprints_routing_spec.rb": [
        1,
        null,
        1,
        1,
        null,
        1,
        1,
        null,
        null,
        1,
        1,
        null,
        null,
        1,
        1,
        null,
        null,
        1,
        1,
        null,
        null,
        1,
        1,
        null,
        null,
        1,
        1,
        null,
        null,
        1,
        1,
        null,
        null,
        null,
        null
      ],
      "/Users/HAAKS/Desktop/yard/spec/routing/teams_routing_spec.rb": [
        1,
        null,
        1,
        1,
        null,
        1,
        1,
        null,
        null,
        1,
        1,
        null,
        null,
        1,
        1,
        null,
        null,
        1,
        1,
        null,
        null,
        1,
        1,
        null,
        null,
        1,
        1,
        null,
        null,
        1,
        1,
        null,
        null,
        null,
        null
      ],
      "/Users/HAAKS/Desktop/yard/spec/views/announcements/edit.html.erb_spec.rb": [
        1,
        null,
        1,
        1,
        1,
        null,
        null,
        null,
        null,
        1,
        1,
        null,
        1,
        null,
        1,
        null,
        null,
        null
      ],
      "/Users/HAAKS/Desktop/yard/spec/views/announcements/index.html.erb_spec.rb": [
        1,
        null,
        1,
        1,
        1,
        null,
        null,
        null,
        null,
        null,
        null,
        null,
        null,
        null,
        1,
        1,
        1,
        null,
        null
      ],
      "/Users/HAAKS/Desktop/yard/spec/views/announcements/new.html.erb_spec.rb": [
        1,
        null,
        1,
        1,
        1,
        null,
        null,
        null,
        null,
        1,
        1,
        null,
        0,
        null,
        0,
        null,
        null,
        null
      ],
      "/Users/HAAKS/Desktop/yard/spec/views/announcements/show.html.erb_spec.rb": [
        1,
        null,
        1,
        1,
        1,
        null,
        null,
        null,
        null,
        1,
        1,
        1,
        null,
        null
      ],
      "/Users/HAAKS/Desktop/yard/spec/views/notifications/index.html.erb_spec.rb": [
        1,
        null,
        1,
        1,
        null
      ],
      "/Users/HAAKS/Desktop/yard/spec/views/sessions/new.html.erb_spec.rb": [
        1,
        null,
        1,
        1,
        null
      ],
      "/Users/HAAKS/Desktop/yard/spec/views/sprints/edit.html.erb_spec.rb": [
        1,
        null,
        1,
        1,
        1,
        null,
        null,
        null,
        null,
        1,
        1,
        null,
        1,
        null,
        1,
        null,
        null,
        null
      ],
      "/Users/HAAKS/Desktop/yard/spec/views/sprints/index.html.erb_spec.rb": [
        1,
        null,
        1,
        1,
        1,
        null,
        null,
        null,
        null,
        null,
        null,
        null,
        null,
        null,
        1,
        1,
        1,
        null,
        null
      ],
      "/Users/HAAKS/Desktop/yard/spec/views/sprints/new.html.erb_spec.rb": [
        1,
        null,
        1,
        1,
        1,
        null,
        null,
        null,
        null,
        1,
        1,
        null,
        0,
        null,
        0,
        null,
        null,
        null
      ],
      "/Users/HAAKS/Desktop/yard/spec/views/sprints/show.html.erb_spec.rb": [
        1,
        null,
        1,
        1,
        1,
        null,
        null,
        null,
        null,
        1,
        1,
        0,
        null,
        null
      ],
      "/Users/HAAKS/Desktop/yard/spec/views/teams/edit.html.erb_spec.rb": [
        1,
        null,
        1,
        1,
        1,
        null,
        null,
        null,
        null,
        null,
        1,
        1,
        null,
        0,
        null,
        0,
        null,
        0,
        null,
        null,
        null
      ],
      "/Users/HAAKS/Desktop/yard/spec/views/teams/index.html.erb_spec.rb": [
        1,
        null,
        1,
        1,
        1,
        null,
        null,
        null,
        null,
        null,
        null,
        null,
        null,
        null,
        null,
        null,
        1,
        1,
        0,
        0,
        null,
        null
      ],
      "/Users/HAAKS/Desktop/yard/spec/views/teams/new.html.erb_spec.rb": [
        1,
        null,
        1,
        1,
        1,
        null,
        null,
        null,
        null,
        null,
        1,
        1,
        null,
        0,
        null,
        0,
        null,
        0,
        null,
        null,
        null
      ],
      "/Users/HAAKS/Desktop/yard/spec/views/teams/show.html.erb_spec.rb": [
        1,
        null,
        1,
        1,
        1,
        null,
        null,
        null,
        null,
        null,
        1,
        1,
        0,
        0,
        null,
        null
      ],
      "/Users/HAAKS/Desktop/yard/app/models/project.rb": [
        1,
        1,
        1,
        1,
        1,
        null,
        1,
        null
      ],
      "/Users/HAAKS/Desktop/yard/app/models/task.rb": [
        1,
        1,
        1,
        1,
        null,
        1,
        1,
        null,
        null
      ]
    },
    "timestamp": 1430250281
  }
}
